{"/home/wangding/wd/grunt-demo-/calc.js":{"path":"/home/wangding/wd/grunt-demo-/calc.js","s":{"1":1,"2":3,"3":3,"4":0},"b":{"1":[3,0],"2":[3,3]},"f":{"1":3},"fnMap":{"1":{"name":"add","line":1,"loc":{"start":{"line":1,"column":15},"end":{"line":1,"column":32}}}},"statementMap":{"1":{"start":{"line":1,"column":0},"end":{"line":6,"column":1}},"2":{"start":{"line":2,"column":4},"end":{"line":5,"column":19}},"3":{"start":{"line":3,"column":8},"end":{"line":3,"column":18}},"4":{"start":{"line":5,"column":8},"end":{"line":5,"column":19}}},"branchMap":{"1":{"line":2,"type":"if","locations":[{"start":{"line":2,"column":4},"end":{"line":2,"column":4}},{"start":{"line":2,"column":4},"end":{"line":2,"column":4}}]},"2":{"line":2,"type":"binary-expr","locations":[{"start":{"line":2,"column":8},"end":{"line":2,"column":30}},{"start":{"line":2,"column":35},"end":{"line":2,"column":57}}]}}}}